[    0.000000] Initializing cgroup subsys cpuset
[    0.000000] Initializing cgroup subsys cpu
[    0.000000] Initializing cgroup subsys cpuacct
[    0.000000] Linux version 4.4.0-170-generic (buildd@lcy01-amd64-019) (gcc version 5.4.0 20160609 (Ubuntu 5.4.0-6ubuntu1~16.04.12) ) #199-Ubuntu SMP Thu Nov 14 01:45:04 UTC 2019 (Ubuntu 4.4.0-170.199-generic 4.4.200)
[    0.000000] Command line: BOOT_IMAGE=/boot/vmlinuz-4.4.0-170-generic root=LABEL=cloudimg-rootfs ro console=tty1 console=ttyS0
[    0.000000] KERNEL supported cpus:
[    0.000000]   Intel GenuineIntel
[    0.000000]   AMD AuthenticAMD
[    0.000000]   Centaur CentaurHauls
[    0.000000] x86/fpu: xstate_offset[2]:  576, xstate_sizes[2]:  256
[    0.000000] x86/fpu: Supporting XSAVE feature 0x01: 'x87 floating point registers'
[    0.000000] x86/fpu: Supporting XSAVE feature 0x02: 'SSE registers'
[    0.000000] x86/fpu: Supporting XSAVE feature 0x04: 'AVX registers'
[    0.000000] x86/fpu: Enabled xstate features 0x7, context size is 832 bytes, using 'standard' format.
[    0.000000] e820: BIOS-provided physical RAM map:
[    0.000000] BIOS-e820: [mem 0x0000000000000000-0x000000000009fbff] usable
[    0.000000] BIOS-e820: [mem 0x000000000009fc00-0x000000000009ffff] reserved
[    0.000000] BIOS-e820: [mem 0x00000000000f0000-0x00000000000fffff] reserved
[    0.000000] BIOS-e820: [mem 0x0000000000100000-0x00000000dffeffff] usable
[    0.000000] BIOS-e820: [mem 0x00000000dfff0000-0x00000000dfffffff] ACPI data
[    0.000000] BIOS-e820: [mem 0x00000000fec00000-0x00000000fec00fff] reserved
[    0.000000] BIOS-e820: [mem 0x00000000fee00000-0x00000000fee00fff] reserved
[    0.000000] BIOS-e820: [mem 0x00000000fffc0000-0x00000000ffffffff] reserved
[    0.000000] BIOS-e820: [mem 0x0000000100000000-0x000000011fffffff] usable
[    0.000000] NX (Execute Disable) protection: active
[    0.000000] SMBIOS 2.5 present.
[    0.000000] Hypervisor detected: KVM
[    0.000000] e820: last_pfn = 0x120000 max_arch_pfn = 0x400000000
[    0.000000] MTRR: Disabled
[    0.000000] x86/PAT: MTRRs disabled, skipping PAT initialization too.
[    0.000000] CPU MTRRs all blank - virtualized system.
[    0.000000] x86/PAT: Configuration [0-7]: WB  WT  UC- UC  WB  WT  UC- UC  
[    0.000000] e820: last_pfn = 0xdfff0 max_arch_pfn = 0x400000000
[    0.000000] found SMP MP-table at [mem 0x0009fff0-0x0009ffff] mapped at [ffff88000009fff0]
[    0.000000] Scanning 1 areas for low memory corruption
[    0.000000] RAMDISK: [mem 0x362f4000-0x37171fff]
[    0.000000] ACPI: Early table checksum verification disabled
[    0.000000] ACPI: RSDP 0x00000000000E0000 000024 (v02 VBOX  )
[    0.000000] ACPI: XSDT 0x00000000DFFF0030 00003C (v01 VBOX   VBOXXSDT 00000001 ASL  00000061)
[    0.000000] ACPI: FACP 0x00000000DFFF00F0 0000F4 (v04 VBOX   VBOXFACP 00000001 ASL  00000061)
[    0.000000] ACPI: DSDT 0x00000000DFFF0480 0022EA (v02 VBOX   VBOXBIOS 00000002 INTL 20100528)
[    0.000000] ACPI: FACS 0x00000000DFFF0200 000040
[    0.000000] ACPI: FACS 0x00000000DFFF0200 000040
[    0.000000] ACPI: APIC 0x00000000DFFF0240 00006C (v02 VBOX   VBOXAPIC 00000001 ASL  00000061)
[    0.000000] ACPI: SSDT 0x00000000DFFF02B0 0001CC (v01 VBOX   VBOXCPUT 00000002 INTL 20100528)
[    0.000000] No NUMA configuration found
[    0.000000] Faking a node at [mem 0x0000000000000000-0x000000011fffffff]
[    0.000000] NODE_DATA(0) allocated [mem 0x11fff7000-0x11fffbfff]
[    0.000000] kvm-clock: Using msrs 4b564d01 and 4b564d00
[    0.000000] kvm-clock: cpu 0, msr 1:1ffef001, primary cpu clock
[    0.000000] kvm-clock: using sched offset of 3344187103 cycles
[    0.000000] clocksource: kvm-clock: mask: 0xffffffffffffffff max_cycles: 0x1cd42e4dffb, max_idle_ns: 881590591483 ns
[    0.000000] Zone ranges:
[    0.000000]   DMA      [mem 0x0000000000001000-0x0000000000ffffff]
[    0.000000]   DMA32    [mem 0x0000000001000000-0x00000000ffffffff]
[    0.000000]   Normal   [mem 0x0000000100000000-0x000000011fffffff]
[    0.000000]   Device   empty
[    0.000000] Movable zone start for each node
[    0.000000] Early memory node ranges
[    0.000000]   node   0: [mem 0x0000000000001000-0x000000000009efff]
[    0.000000]   node   0: [mem 0x0000000000100000-0x00000000dffeffff]
[    0.000000]   node   0: [mem 0x0000000100000000-0x000000011fffffff]
[    0.000000] Initmem setup node 0 [mem 0x0000000000001000-0x000000011fffffff]
[    0.000000] ACPI: PM-Timer IO Port: 0x4008
[    0.000000] IOAPIC[0]: apic_id 4, version 32, address 0xfec00000, GSI 0-23
[    0.000000] ACPI: INT_SRC_OVR (bus 0 bus_irq 0 global_irq 2 dfl dfl)
[    0.000000] ACPI: INT_SRC_OVR (bus 0 bus_irq 9 global_irq 9 low level)
[    0.000000] Using ACPI (MADT) for SMP configuration information
[    0.000000] smpboot: Allowing 4 CPUs, 0 hotplug CPUs
[    0.000000] PM: Registered nosave memory: [mem 0x00000000-0x00000fff]
[    0.000000] PM: Registered nosave memory: [mem 0x0009f000-0x0009ffff]
[    0.000000] PM: Registered nosave memory: [mem 0x000a0000-0x000effff]
[    0.000000] PM: Registered nosave memory: [mem 0x000f0000-0x000fffff]
[    0.000000] PM: Registered nosave memory: [mem 0xdfff0000-0xdfffffff]
[    0.000000] PM: Registered nosave memory: [mem 0xe0000000-0xfebfffff]
[    0.000000] PM: Registered nosave memory: [mem 0xfec00000-0xfec00fff]
[    0.000000] PM: Registered nosave memory: [mem 0xfec01000-0xfedfffff]
[    0.000000] PM: Registered nosave memory: [mem 0xfee00000-0xfee00fff]
[    0.000000] PM: Registered nosave memory: [mem 0xfee01000-0xfffbffff]
[    0.000000] PM: Registered nosave memory: [mem 0xfffc0000-0xffffffff]
[    0.000000] e820: [mem 0xe0000000-0xfebfffff] available for PCI devices
[    0.000000] Booting paravirtualized kernel on KVM
[    0.000000] clocksource: refined-jiffies: mask: 0xffffffff max_cycles: 0xffffffff, max_idle_ns: 7645519600211568 ns
[    0.000000] setup_percpu: NR_CPUS:512 nr_cpumask_bits:512 nr_cpu_ids:4 nr_node_ids:1
[    0.000000] PERCPU: Embedded 33 pages/cpu @ffff88011fc00000 s95448 r8192 d31528 u524288
[    0.000000] Built 1 zonelists in Node order, mobility grouping on.  Total pages: 1032056
[    0.000000] Policy zone: Normal
[    0.000000] Kernel command line: BOOT_IMAGE=/boot/vmlinuz-4.4.0-170-generic root=LABEL=cloudimg-rootfs ro console=tty1 console=ttyS0
[    0.000000] PID hash table entries: 4096 (order: 3, 32768 bytes)
[    0.000000] Memory: 4027964K/4193848K available (8626K kernel code, 1336K rwdata, 4036K rodata, 1488K init, 1288K bss, 165884K reserved, 0K cma-reserved)
[    0.000000] SLUB: HWalign=64, Order=0-3, MinObjects=0, CPUs=4, Nodes=1
[    0.000000] Kernel/User page tables isolation: enabled
[    0.000000] Hierarchical RCU implementation.
[    0.000000] 	Build-time adjustment of leaf fanout to 64.
[    0.000000] 	RCU restricting CPUs from NR_CPUS=512 to nr_cpu_ids=4.
[    0.000000] RCU: Adjusting geometry for rcu_fanout_leaf=64, nr_cpu_ids=4
[    0.000000] NR_IRQS:33024 nr_irqs:456 16
[    0.000000] Console: colour VGA+ 80x25
[    0.000000] console [tty1] enabled
[    0.000000] console [ttyS0] enabled
[    0.000000] tsc: Detected 2208.000 MHz processor
[    0.254658] Calibrating delay loop (skipped) preset value.. 4416.00 BogoMIPS (lpj=8832000)
[    0.256821] pid_max: default: 32768 minimum: 301
[    0.257800] ACPI: Core revision 20150930
[    0.259339] ACPI: 2 ACPI AML tables successfully acquired and loaded
[    0.260854] Security Framework initialized
[    0.261735] Yama: becoming mindful.
[    0.262564] AppArmor: AppArmor initialized
[    0.264982] Dentry cache hash table entries: 524288 (order: 10, 4194304 bytes)
[    0.269443] Inode-cache hash table entries: 262144 (order: 9, 2097152 bytes)
[    0.271837] Mount-cache hash table entries: 8192 (order: 4, 65536 bytes)
[    0.273733] Mountpoint-cache hash table entries: 8192 (order: 4, 65536 bytes)
[    0.276391] Initializing cgroup subsys io
[    0.277290] Initializing cgroup subsys memory
[    0.278471] Initializing cgroup subsys devices
[    0.279542] Initializing cgroup subsys freezer
[    0.280648] Initializing cgroup subsys net_cls
[    0.281756] Initializing cgroup subsys perf_event
[    0.282781] Initializing cgroup subsys net_prio
[    0.283743] Initializing cgroup subsys hugetlb
[    0.284726] Initializing cgroup subsys pids
[    0.287235] mce: CPU supports 0 MCE banks
[    0.288158] Last level iTLB entries: 4KB 64, 2MB 8, 4MB 8
[    0.289262] Last level dTLB entries: 4KB 64, 2MB 0, 4MB 0, 1GB 4
[    0.290503] Spectre V1 : Mitigation: usercopy/swapgs barriers and __user pointer sanitization
[    0.292540] Spectre V2 : Mitigation: Full generic retpoline
[    0.293752] Spectre V2 : Spectre v2 / SpectreRSB mitigation: Filling RSB on context switch
[    0.295708] Speculative Store Bypass: Vulnerable
[    0.296970] MDS: Mitigation: Clear CPU buffers
[    0.300308] Freeing SMP alternatives memory: 36K
[    0.306777] ftrace: allocating 32302 entries in 127 pages
[    0.354383] smpboot: APIC(0) Converting physical 0 to logical package 0
[    0.356249] smpboot: Max logical packages: 1
[    0.357811] x2apic enabled
[    0.358971] Switched APIC routing to physical x2apic.
[    0.361094] ..TIMER: vector=0x30 apic1=0 pin1=2 apic2=-1 pin2=-1
[    0.470859] smpboot: CPU0: Intel(R) Core(TM) i7-8750H CPU @ 2.20GHz (family: 0x6, model: 0x9e, stepping: 0xa)
[    0.473711] Performance Events: unsupported p6 CPU model 158 no PMU driver, software events only.
[    0.484925] KVM setup paravirtual spinlock
[    0.486793] x86: Booting SMP configuration:
[    0.488228] .... node  #0, CPUs:      #1
[    0.489510] kvm-clock: cpu 1, msr 1:1ffef041, secondary cpu clock
[    0.491881] mce: CPU supports 0 MCE banks
[    0.494914]  #2
[    0.495639] kvm-clock: cpu 2, msr 1:1ffef081, secondary cpu clock
[    0.497995] mce: CPU supports 0 MCE banks
[    0.500695]  #3
[    0.501262] kvm-clock: cpu 3, msr 1:1ffef0c1, secondary cpu clock
[    0.503673] mce: CPU supports 0 MCE banks
[    0.506567] x86: Booted up 1 node, 4 CPUs
[    0.508051] smpboot: Total of 4 processors activated (17664.00 BogoMIPS)
[    0.510244] devtmpfs: initialized
[    0.513732] evm: security.selinux
[    0.514673] evm: security.SMACK64
[    0.515547] evm: security.SMACK64EXEC
[    0.516582] evm: security.SMACK64TRANSMUTE
[    0.517566] evm: security.SMACK64MMAP
[    0.518463] evm: security.ima
[    0.519191] evm: security.capability
[    0.520327] clocksource: jiffies: mask: 0xffffffff max_cycles: 0xffffffff, max_idle_ns: 7645041785100000 ns
[    0.522948] futex hash table entries: 1024 (order: 4, 65536 bytes)
[    0.524535] pinctrl core: initialized pinctrl subsystem
[    0.525864] RTC time: 12:54:30, date: 12/08/19
[    0.527130] NET: Registered protocol family 16
[    0.538044] cpuidle: using governor ladder
[    0.550207] cpuidle: using governor menu
[    0.552038] PCCT header not found.
[    0.553353] ACPI: bus type PCI registered
[    0.554494] acpiphp: ACPI Hot Plug PCI Controller Driver version: 0.5
[    0.556160] PCI: Using configuration type 1 for base access
[    0.572073] ACPI: Added _OSI(Module Device)
[    0.573295] ACPI: Added _OSI(Processor Device)
[    0.574717] ACPI: Added _OSI(3.0 _SCP Extensions)
[    0.576254] ACPI: Added _OSI(Processor Aggregator Device)
[    0.578727] ACPI: Executed 1 blocks of module-level executable AML code
[    0.582726] ACPI: Interpreter enabled
[    0.583946] ACPI: (supports S0 S5)
[    0.584993] ACPI: Using IOAPIC for interrupt routing
[    0.586567] PCI: Using host bridge windows from ACPI; if necessary, use "pci=nocrs" and report a bug
[    0.593078] ACPI: PCI Root Bridge [PCI0] (domain 0000 [bus 00-ff])
[    0.594919] acpi PNP0A03:00: _OSC: OS supports [ASPM ClockPM Segments MSI]
[    0.596765] acpi PNP0A03:00: _OSC: not requesting OS control; OS requires [ExtendedConfig ASPM ClockPM MSI]
[    0.599394] acpi PNP0A03:00: fail to add MMCONFIG information, can't access extended PCI configuration space under this bridge.
[    0.603210] PCI host bridge to bus 0000:00
[    0.612129] pci_bus 0000:00: root bus resource [io  0x0000-0x0cf7 window]
[    0.614084] pci_bus 0000:00: root bus resource [io  0x0d00-0xffff window]
[    0.616038] pci_bus 0000:00: root bus resource [mem 0x000a0000-0x000bffff window]
[    0.617701] pci_bus 0000:00: root bus resource [mem 0xe0000000-0xfdffffff window]
[    0.619336] pci_bus 0000:00: root bus resource [bus 00-ff]
[    0.623045] pci 0000:00:01.1: legacy IDE quirk: reg 0x10: [io  0x01f0-0x01f7]
[    0.624604] pci 0000:00:01.1: legacy IDE quirk: reg 0x14: [io  0x03f6]
[    0.626422] pci 0000:00:01.1: legacy IDE quirk: reg 0x18: [io  0x0170-0x0177]
[    0.627829] pci 0000:00:01.1: legacy IDE quirk: reg 0x1c: [io  0x0376]
[    0.663932] pci 0000:00:07.0: quirk: [io  0x4000-0x403f] claimed by PIIX4 ACPI
[    0.666132] pci 0000:00:07.0: quirk: [io  0x4100-0x410f] claimed by PIIX4 SMB
[    0.679426] ACPI: PCI Interrupt Link [LNKA] (IRQs 5 9 10 *11)
[    0.681637] ACPI: PCI Interrupt Link [LNKB] (IRQs 5 9 *10 11)
[    0.683495] ACPI: PCI Interrupt Link [LNKC] (IRQs 5 *9 10 11)
[    0.685271] ACPI: PCI Interrupt Link [LNKD] (IRQs 5 9 10 *11)
[    0.686895] ACPI: Enabled 2 GPEs in block 00 to 07
[    0.688246] vgaarb: setting as boot device: PCI:0000:00:02.0
[    0.689879] vgaarb: device added: PCI:0000:00:02.0,decodes=io+mem,owns=io+mem,locks=none
[    0.692251] vgaarb: loaded
[    0.692986] vgaarb: bridge control possible 0000:00:02.0
[    0.694751] SCSI subsystem initialized
[    0.695701] ACPI: bus type USB registered
[    0.696605] usbcore: registered new interface driver usbfs
[    0.698084] usbcore: registered new interface driver hub
[    0.699217] usbcore: registered new device driver usb
[    0.700803] PCI: Using ACPI for IRQ routing
[    0.702007] NetLabel: Initializing
[    0.702796] NetLabel:  domain hash size = 128
[    0.703723] NetLabel:  protocols = UNLABELED CIPSOv4
[    0.704846] NetLabel:  unlabeled traffic allowed by default
[    0.706493] amd_nb: Cannot enumerate AMD northbridges
[    0.708993] clocksource: Switched to clocksource kvm-clock
[    0.716162] AppArmor: AppArmor Filesystem Enabled
[    0.717783] pnp: PnP ACPI init
[    0.719772] pnp: PnP ACPI: found 3 devices
[    0.730376] clocksource: acpi_pm: mask: 0xffffff max_cycles: 0xffffff, max_idle_ns: 2085701024 ns
[    0.733152] NET: Registered protocol family 2
[    0.734242] TCP established hash table entries: 32768 (order: 6, 262144 bytes)
[    0.736143] TCP bind hash table entries: 32768 (order: 7, 524288 bytes)
[    0.739237] TCP: Hash tables configured (established 32768 bind 32768)
[    0.740549] UDP hash table entries: 2048 (order: 4, 65536 bytes)
[    0.742306] UDP-Lite hash table entries: 2048 (order: 4, 65536 bytes)
[    0.743661] NET: Registered protocol family 1
[    0.744631] pci 0000:00:00.0: Limiting direct PCI/PCI transfers
[    0.745896] pci 0000:00:01.0: Activating ISA DMA hang workarounds
[    0.747273] Unpacking initramfs...
[    0.932748] Freeing initrd memory: 14840K
[    0.934375] PCI-DMA: Using software bounce buffering for IO (SWIOTLB)
[    0.935871] software IO TLB: mapped [mem 0xdbff0000-0xdfff0000] (64MB)
[    0.937480] clocksource: tsc: mask: 0xffffffffffffffff max_cycles: 0x1fd3b81b95f, max_idle_ns: 440795257325 ns
[    0.940413] platform rtc_cmos: registered platform RTC device (no PNP device found)
[    0.942644] Scanning for low memory corruption every 60 seconds
[    0.944722] audit: initializing netlink subsys (disabled)
[    0.946212] audit: type=2000 audit(1575809675.596:1): initialized
[    0.948053] Initialise system trusted keyring
[    0.949719] HugeTLB registered 2 MB page size, pre-allocated 0 pages
[    0.952115] zbud: loaded
[    0.953135] VFS: Disk quotas dquot_6.6.0
[    0.954108] VFS: Dquot-cache hash table entries: 512 (order 0, 4096 bytes)
[    0.955953] squashfs: version 4.0 (2009/01/31) Phillip Lougher
[    0.957694] fuse init (API version 7.23)
[    0.959143] Key type big_key registered
[    0.960102] Allocating IMA MOK and blacklist keyrings.
[    0.963829] Key type asymmetric registered
[    0.965179] Asymmetric key parser 'x509' registered
[    0.966468] Block layer SCSI generic (bsg) driver version 0.4 loaded (major 249)
[    0.969732] io scheduler noop registered
[    0.970673] io scheduler deadline registered (default)
[    0.971868] io scheduler cfq registered
[    0.973071] pci_hotplug: PCI Hot Plug PCI Core version: 0.5
[    0.974673] pciehp: PCI Express Hot Plug Controller Driver version: 0.4
[    0.976452] ACPI: AC Adapter [AC] (off-line)
[    0.978053] input: Power Button as /devices/LNXSYSTM:00/LNXPWRBN:00/input/input0
[    0.980317] ACPI: Power Button [PWRF]
[    0.981823] input: Sleep Button as /devices/LNXSYSTM:00/LNXSLPBN:00/input/input1
[    0.983854] ACPI: Sleep Button [SLPF]
[    0.985029] GHES: HEST is not enabled!
[    0.987263] ACPI: Battery Slot [BAT0] (battery present)
[    0.989164] Serial: 8250/16550 driver, 32 ports, IRQ sharing enabled
[    1.011305] 00:02: ttyS0 at I/O 0x3f8 (irq = 4, base_baud = 115200) is a 16550A
[    1.018603] Linux agpgart interface v0.103
[    1.022289] loop: module loaded
[    1.023675] scsi host0: ata_piix
[    1.024751] scsi host1: ata_piix
[    1.025710] ata1: PATA max UDMA/33 cmd 0x1f0 ctl 0x3f6 bmdma 0xd000 irq 14
[    1.027300] ata2: PATA max UDMA/33 cmd 0x170 ctl 0x376 bmdma 0xd008 irq 15
[    1.029108] libphy: Fixed MDIO Bus: probed
[    1.030152] tun: Universal TUN/TAP device driver, 1.6
[    1.031674] tun: (C) 1999-2004 Max Krasnyansky <maxk@qualcomm.com>
[    1.033300] PPP generic driver version 2.4.2
[    1.034474] ehci_hcd: USB 2.0 'Enhanced' Host Controller (EHCI) Driver
[    1.035951] ehci-pci: EHCI PCI platform driver
[    1.037039] ehci-platform: EHCI generic platform driver
[    1.038201] ohci_hcd: USB 1.1 'Open' Host Controller (OHCI) Driver
[    1.039531] ohci-pci: OHCI PCI platform driver
[    1.040528] ohci-platform: OHCI generic platform driver
[    1.041760] uhci_hcd: USB Universal Host Controller Interface driver
[    1.043176] i8042: PNP: PS/2 Controller [PNP0303:PS2K,PNP0f03:PS2M] at 0x60,0x64 irq 1,12
[    1.045605] serio: i8042 KBD port at 0x60,0x64 irq 1
[    1.046743] serio: i8042 AUX port at 0x60,0x64 irq 12
[    1.048453] mousedev: PS/2 mouse device common for all mice
[    1.050246] input: AT Translated Set 2 keyboard as /devices/platform/i8042/serio0/input/input2
[    1.052570] rtc_cmos rtc_cmos: rtc core: registered rtc_cmos as rtc0
[    1.053994] rtc_cmos rtc_cmos: alarms up to one day, 114 bytes nvram
[    1.055300] i2c /dev entries driver
[    1.056141] device-mapper: uevent: version 1.0.3
[    1.057259] device-mapper: ioctl: 4.34.0-ioctl (2015-10-28) initialised: dm-devel@redhat.com
[    1.059099] ledtrig-cpu: registered to indicate activity on CPUs
[    1.060789] NET: Registered protocol family 10
[    1.062046] NET: Registered protocol family 17
[    1.063006] Key type dns_resolver registered
[    1.064550] registered taskstats version 1
[    1.065597] Loading compiled-in X.509 certificates
[    1.067103] Loaded X.509 cert 'Build time autogenerated kernel key: f0e56e97f406068ace47a9bf54316e9855aaaa43'
[    1.069502] zswap: loaded using pool lzo/zbud
[    1.073570] Key type trusted registered
[    1.077344] Key type encrypted registered
[    1.078277] AppArmor: AppArmor sha1 policy hashing enabled
[    1.079414] ima: No TPM chip found, activating TPM-bypass!
[    1.080612] ima: Allocated hash algorithm: sha1
[    1.081765] evm: HMAC attrs: 0x1
[    1.083002]   Magic number: 15:799:935
[    1.084031] rtc_cmos rtc_cmos: setting system clock to 2019-12-08 12:54:31 UTC (1575809671)
[    1.086270] BIOS EDD facility v0.16 2004-Jun-25, 0 devices found
[    1.087732] EDD information not available.
[    1.192393] Freeing unused kernel memory: 1488K
[    1.194272] Write protecting the kernel read-only data: 14336k
[    1.197105] Freeing unused kernel memory: 1604K
[    1.198666] Freeing unused kernel memory: 60K
Loading, please wait...
starting version 229
[    1.214248] random: systemd-udevd: uninitialized urandom read (16 bytes read, 3 bits of entropy available)
[    1.214856] random: udevadm: uninitialized urandom read (16 bytes read, 3 bits of entropy available)
[    1.214873] random: udevadm: uninitialized urandom read (16 bytes read, 3 bits of entropy available)
[    1.221935] random: udevadm: uninitialized urandom read (16 bytes read, 3 bits of entropy available)
[    1.221971] random: udevadm: uninitialized urandom read (16 bytes read, 3 bits of entropy available)
[    1.222161] random: udevadm: uninitialized urandom read (16 bytes read, 3 bits of entropy available)
[    1.222202] random: udevadm: uninitialized urandom read (16 bytes read, 3 bits of entropy available)
[    1.222239] random: udevadm: uninitialized urandom read (16 bytes read, 3 bits of entropy available)
[    1.222276] random: udevadm: uninitialized urandom read (16 bytes read, 3 bits of entropy available)
[    1.222312] random: udevadm: uninitialized urandom read (16 bytes read, 3 bits of entropy available)
[    1.253258] e1000: Intel(R) PRO/1000 Network Driver - version 7.3.21-k8-NAPI
[    1.255082] e1000: Copyright (c) 1999-2006 Intel Corporation.
[    1.263229] AVX2 version of gcm_enc/dec engaged.
[    1.264584] AES CTR mode by8 optimization enabled
[    1.266544] Fusion MPT base driver 3.04.20
[    1.267541] Copyright (c) 1999-2008 LSI Corporation
[    1.276912] Fusion MPT SPI Host driver 3.04.20
[    1.460702] input: ImExPS/2 Generic Explorer Mouse as /devices/platform/i8042/serio1/input/input4
[    1.643195] e1000 0000:00:03.0 eth0: (PCI:33MHz:32-bit) 02:4f:25:6a:cc:77
[    1.645215] e1000 0000:00:03.0 eth0: Intel(R) PRO/1000 Network Connection
[    1.647688] e1000 0000:00:03.0 enp0s3: renamed from eth0
[    1.649461] mptbase: ioc0: Initiating bringup
[    2.573305] ioc0: LSI53C1030 A0: Capabilities={Initiator}
[    4.410203] scsi host2: ioc0: LSI53C1030 A0, FwRev=00000000h, Ports=1, MaxQ=256, IRQ=20
[    4.630947] scsi 2:0:0:0: Direct-Access     VBOX     HARDDISK         1.0  PQ: 0 ANSI: 5
[    4.633539] scsi target2:0:0: Beginning Domain Validation
[    4.637348] scsi target2:0:0: Domain Validation skipping write tests
[    4.639096] scsi target2:0:0: Ending Domain Validation
[    4.640575] scsi target2:0:0: asynchronous
[    4.642816] scsi 2:0:1:0: Direct-Access     VBOX     HARDDISK         1.0  PQ: 0 ANSI: 5
[    4.645495] scsi target2:0:1: Beginning Domain Validation
[    4.649251] scsi target2:0:1: Domain Validation skipping write tests
[    4.651020] scsi target2:0:1: Ending Domain Validation
[    4.652667] scsi target2:0:1: asynchronous
[    4.661794] sd 2:0:0:0: Attached scsi generic sg0 type 0
[    4.663166] sd 2:0:0:0: [sda] 20971520 512-byte logical blocks: (10.7 GB/10.0 GiB)
[    4.665308] sd 2:0:1:0: Attached scsi generic sg1 type 0
[    4.665726] sd 2:0:1:0: [sdb] 20480 512-byte logical blocks: (10.5 MB/10.0 MiB)
[    4.666039] sd 2:0:1:0: [sdb] Write Protect is off
[    4.666236] sd 2:0:1:0: [sdb] Incomplete mode parameter data
[    4.666238] sd 2:0:1:0: [sdb] Assuming drive cache: write through
[    4.672874] sd 2:0:0:0: [sda] Write Protect is off
[    4.674355] sd 2:0:0:0: [sda] Incomplete mode parameter data
[    4.674790] sd 2:0:1:0: [sdb] Attached SCSI disk
[    4.676605] sd 2:0:0:0: [sda] Assuming drive cache: write through
[    4.679622]  sda: sda1
[    4.681216] sd 2:0:0:0: [sda] Attached SCSI disk
Begin: Loading essential drivers ... [    5.978084] md: linear personality registered for level -1
[    5.981644] md: multipath personality registered for level -4
[    5.985620] md: raid0 personality registered for level 0
[    5.990640] md: raid1 personality registered for level 1
[    6.061226] raid6: sse2x1   gen() 12656 MB/s
[    6.129467] raid6: sse2x1   xor()  9675 MB/s
[    6.197087] raid6: sse2x2   gen() 15338 MB/s
[    6.265112] raid6: sse2x2   xor() 11250 MB/s
[    6.333145] raid6: sse2x4   gen() 18849 MB/s
[    6.401129] raid6: sse2x4   xor() 12765 MB/s
[    6.469030] raid6: avx2x1   gen() 25750 MB/s
[    6.537494] raid6: avx2x2   gen() 30475 MB/s
[    6.605691] raid6: avx2x4   gen() 33777 MB/s
[    6.606956] raid6: using algorithm avx2x4 gen() 33777 MB/s
[    6.608074] raid6: using avx2x2 recovery algorithm
[    6.610332] xor: automatically using best checksumming function:
[    6.649397]    avx       : 30678.000 MB/sec
[    6.651644] async_tx: api initialized (async)
[    6.662500] md: raid6 personality registered for level 6
[    6.663794] md: raid5 personality registered for level 5
[    6.664903] md: raid4 personality registered for level 4
[    6.672218] md: raid10 personality registered for level 10
done.
Begin: Running /scripts/init-premount ... done.
Begin: Mounting root file system ... Begin: Running /scripts/local-top ... done.
Begin: Running /scripts/local-premount ... [    6.695961] Btrfs loaded
Scanning for Btrfs filesystems
done.
Warning: fsck not present, so skipping root file system
[    6.715114] EXT4-fs (sda1): mounted filesystem with ordered data mode. Opts: (null)
done.
Begin: Running /scripts/local-bottom ... done.
Begin: Running /scripts/init-bottom ... done.
[    6.765100] systemd[1]: systemd 229 running in system mode. (+PAM +AUDIT +SELINUX +IMA +APPARMOR +SMACK +SYSVINIT +UTMP +LIBCRYPTSETUP +GCRYPT +GNUTLS +ACL +XZ -LZ4 +SECCOMP +BLKID +ELFUTILS +KMOD -IDN)
[    6.768992] systemd[1]: Detected virtualization oracle.
[    6.770267] systemd[1]: Detected architecture x86-64.

Welcome to [1mUbuntu 16.04.6 LTS[0m!

[    6.774423] systemd[1]: Set hostname to <ubuntu>.
[    6.777752] systemd[1]: Initializing machine ID from random generator.
[    6.779094] systemd[1]: Installed transient /etc/machine-id file.
[    6.991102] systemd[1]: Listening on Journal Socket.
[[0;32m  OK  [0m] Listening on Journal Socket.
[    7.011326] systemd[1]: Set up automount Arbitrary Executable File Formats File System Automount Point.
[[0;32m  OK  [0m] Set up automount Arbitrary Executab...ats File System Automount Point.
[    7.053376] systemd[1]: Listening on Journal Socket (/dev/log).
[[0;32m  OK  [0m] Listening on Journal Socket (/dev/log).
[    7.061926] systemd[1]: Listening on LVM2 metadata daemon socket.
[[0;32m  OK  [0m] Listening on LVM2 metadata daemon socket.
[    7.065275] systemd[1]: Listening on udev Control Socket.
[[0;32m  OK  [0m] Listening on udev Control Socket.
[    7.092806] systemd[1]: Created slice System Slice.
[[0;32m  OK  [0m] Created slice System Slice.
[    7.105649] systemd[1]: Mounting Huge Pages File System...
         Mounting Huge Pages File System...
[    7.118691] systemd[1]: Mounting Debug File System...
         Mounting Debug File System...
[    7.123251] systemd[1]: Starting Load Kernel Modules...
         Starting Load Kernel Modules...
[    7.126051] systemd[1]: Listening on /dev/initctl Compatibility Named Pipe.
[[0;32m  OK  [0m] Listening on /dev/initctl Compatibility Named Pipe.
[    7.129377] systemd[1]: Listening on Device-mapper event daemon FIFOs.
[    7.131393] Loading iSCSI transport class v2.0-870.
[[0;32m  OK  [0m] Listening on Device-mapper event daemon FIFOs.
[    7.133828] systemd[1]: Reached target System Time Synchronized.
[[0;32m  OK  [0m] Reached target System Time Synchronized.
[    7.137271] systemd[1]: Starting Set console keymap...
         Starting Set console keymap...
[    7.140419] systemd[1]: Starting Uncomplicated firewall...
         Starting Uncomplicated firewall...
[    7.145585] iscsi: registered transport (tcp)
[    7.149665] systemd[1]: Starting Create list of required static device nodes for the current kernel...
         Starting Create list of required st... nodes for the current kernel...
[    7.154260] systemd[1]: Started Forward Password Requests to Wall Directory Watch.
[[0;32m  OK  [0m] Started Forward Password Requests to Wall Directory Watch.
[    7.165346] systemd[1]: Listening on Journal Audit Socket.
[[0;32m  OK  [0m] Listening on Journal Audit Socket.
[    7.167763] systemd[1]: Started Trigger resolvconf update for networkd DNS.
[[0;32m  OK  [0m] Started Trigger resolvconf update for networkd DNS.
[    7.170532] systemd[1]: Listening on udev Kernel Socket.
[[0;32m  OK  [0m] Listening on udev Kernel Socket.
[    7.173247] systemd[1]: Created slice User and Session Slice.
[[0;32m  OK  [0m] Created slice User and Session Slice.
[    7.175714] iscsi: registered transport (iser)
[    7.181837] systemd[1]: Reached target Slices.
[[0;32m  OK  [0m] Reached target Slices.
[    7.184582] systemd[1]: Reached target Swap.
[[0;32m  OK  [0m] Reached target Swap.
[    7.187204] systemd[1]: Listening on LVM2 poll daemon socket.
[[0;32m  OK  [0m] Listening on LVM2 poll daemon socket.
[    7.397273] systemd[1]: Reached target Encrypted Volumes.
[[0;32m  OK  [0m] Reached target Encrypted Volumes.
[    7.401431] systemd[1]: Reached target User and Group Name Lookups.
[[0;32m  OK  [0m] Reached target User and Group Name Lookups.
[    7.431618] systemd[1]: Starting Remount Root and Kernel File Systems...
[    7.434062] EXT4-fs (sda1): re-mounted. Opts: (null)
         Starting Remount Root and Kernel File Systems...
[    7.437597] systemd[1]: Starting Nameserver information manager...
         Starting Nameserver information manager...
[    7.441030] systemd[1]: Created slice system-serial\x2dgetty.slice.
[[0;32m  OK  [0m] Created slice system-serial\x2dgetty.slice.
[    7.444238] systemd[1]: Listening on Syslog Socket.
[[0;32m  OK  [0m] Listening on Syslog Socket.
[    7.447364] systemd[1]: Mounting POSIX Message Queue File System...
         Mounting POSIX Message Queue File System...
[    7.450670] systemd[1]: Starting Monitoring of LVM2 mirrors, snapshots etc. using dmeventd or progress polling...
         Starting Monitoring of LVM2 mirrors... dmeventd or progress polling...
[    7.466298] systemd[1]: Starting Journal Service...
         Starting Journal Service...
[    7.472078] systemd[1]: Mounted Debug File System.
[[0;32m  OK  [0m] Mounted Debug File System.
[    7.475735] systemd[1]: Mounted Huge Pages File System.
[[0;32m  OK  [0m] Mounted Huge Pages File System.
[    7.485817] systemd[1]: Mounted POSIX Message Queue File System.
[[0;32m  OK  [0m] Mounted POSIX Message Queue File System.
[    7.494200] systemd[1]: Started Journal Service.
[[0;32m  OK  [0m] Started Journal Service.
[[0;32m  OK  [0m] Started Load Kernel Modules.
[[0;32m  OK  [0m] Started Set console keymap.
[[0;32m  OK  [0m] Started Uncomplicated firewall.
[[0;32m  OK  [0m] Started Create list of required sta...ce nodes for the current kernel.
[[0;32m  OK  [0m] Started Remount Root and Kernel File Systems.
[[0;32m  OK  [0m] Started Nameserver information manager.
[[0;32m  OK  [0m] Started LVM2 metadata daemon.
         Starting Load/Save Random Seed...
         Starting udev Coldplug all Devices...
         Starting Create Static Device Nodes in /dev...
         Mounting FUSE Control File System...
         Starting Apply Kernel Variables...
         Starting Flush Journal to Persistent Storage...
[[0;32m  OK  [0m] Mounted FUSE Control File System.
[[0;32m  OK  [0m] Started Load/Save Random Seed.
[[0;32m  OK  [0m] Started Create Static Device Nodes in /dev.
[[0;32m  OK  [0m] Started Apply Kernel Variables.
[[0;32m  OK  [0m] Started udev Coldplug all Devices.
[[0;32m  OK  [0m] Started Flush Journal to Persistent Storage.
         Starting udev Kernel Device Manager...
[[0;32m  OK  [0m] Started udev Kernel Device Manager.
[[0;32m  OK  [0m] Started Dispatch Password Requests to Console Directory Watch.
[[0;32m  OK  [0m] Found device /dev/ttyS0.
[[0;32m  OK  [0m] Listening on Load/Save RF Kill Switch Status /dev/rfkill Watch.
[[0;32m  OK  [0m] Started Monitoring of LVM2 mirrors,...ng dmeventd or progress polling.
[[0;32m  OK  [0m] Reached target Local File Systems (Pre).
[[0;32m  OK  [0m] Reached target Local File Systems.
         Starting Set console font and keymap...
         Starting LSB: AppArmor initialization...
         Starting Commit a transient machine-id on disk...
         Starting Initial cloud-init job (pre-networking)...
         Starting Tell Plymouth To Write Out Runtime Data...
         Starting Create Volatile Files and Directories...
[[0;32m  OK  [0m] Started Commit a transient machine-id on disk.
[[0;32m  OK  [0m] Started Tell Plymouth To Write Out Runtime Data.
[[0;32m  OK  [0m] Started Create Volatile Files and Directories.
         Starting Update UTMP about System Boot/Shutdown...
[[0;32m  OK  [0m] Started Update UTMP about System Boot/Shutdown.
[[0;32m  OK  [0m] Started Set console font and keymap.
[[0;32m  OK  [0m] Created slice system-getty.slice.
[[0;32m  OK  [0m] Started LSB: AppArmor initialization.
[    8.487434] cloud-init[666]: Cloud-init v. 19.2-36-g059d049c-0ubuntu2~16.04.1 running 'init-local' at Sun, 08 Dec 2019 12:54:39 +0000. Up 8.30 seconds.
[[0;32m  OK  [0m] Started Initial cloud-init job (pre-networking).
[[0;32m  OK  [0m] Reached target Network (Pre).
         Starting Raise network interfaces...
[[0;32m  OK  [0m] Started Raise network interfaces.
         Starting Initial cloud-init job (metadata service crawler)...
[[0;32m  OK  [0m] Reached target Network.
[    9.211986] cloud-init[970]: Cloud-init v. 19.2-36-g059d049c-0ubuntu2~16.04.1 running 'init' at Sun, 08 Dec 2019 12:54:39 +0000. Up 8.89 seconds.
[    9.220704] cloud-init[970]: ci-info: ++++++++++++++++++++++++++++++++++++++Net device info++++++++++++++++++++++++++++++++++++++
[    9.228524] cloud-init[970]: ci-info: +--------+------+----------------------------+---------------+--------+-------------------+
[    9.237274] cloud-init[970]: ci-info: | Device |  Up  |          Address           |      Mask     | Scope  |     Hw-Address    |
[    9.244481] [cloud-init[0;32m  OK  [0m[970]: ] ci-info: +--------+------+----------------------------+---------------+--------+-------------------+Started Initial cloud-init job (metadata service crawler).

[    9.245216] cloud-init[970]: ci-info: | enp0s3 | True |         10.0.2.15          | 255.255.255.0 | global | 02:4f:25:6a:cc:77 |
[    9.247491] [[0;32m  OK  [0m] Reached target System Initialization.
cloud-init[970]: ci-info: | enp0s3 | True | fe80::4f:25ff:fe6a:cc77/64 |       .       |  link  | 02:4f:25:6a:cc:77 |
[    9.250529] [[0;32m  OK  [0m] Started ACPI Events Check.
[[0;32m  OK  [0m] Reached target Paths.
[[0;32m  OK  [0m] Started Message of the Day.
[[0;32m  OK  [0m] Listening on UUID daemon activation socket.
cloud-init[970]: ci-info: |   lo   | True |         127.0.0.1          |   255.0.0.0   |  host  |         .         |
[    9.255683]          cloud-initStarting LXD - unix socket.[970]: 
ci-info: |   lo   | True |          ::1/128           |       .       |  host  |         .         |
[    9.258312]          Starting Socket activation for snappy daemon.
[[0;32m  OK  [0m] Listening on ACPID Listen Socket.
cloud-init[970]: ci-info: +--------+------+----------------------------+---------------+--------+-------------------+
[    9.260970] [cloud-init[0;32m  OK  [0m[970]: ] ci-info: +++++++++++++++++++++++++++Route IPv4 info++++++++++++++++++++++++++++Started Daily apt download activities.

[[0;32m  OK  [0m] Started Daily apt upgrade and clean activities.
[[0;32m  OK  [0m] Started Daily Cleanup of Temporary Directories.
[    9.261385] cloud-init[970]: ci-info: +-------+-------------+----------+---------------+-----------+-------+[
[0;32m  OK  [0m] Reached target Timers.
[[0;32m  OK  [0m] Listening on D-Bus System Message Bus Socket.
[[0;32m  OK  [0m] Reached target Network is Online.
[    9.264184] cloud-init[970]: ci-info: | Route | Destination | Gateway  |    Genmask    | Interface | Flags |
[    9.269563] cloud-init[970]: ci-info: +-------+-------------+----------+---------------+-----------+-------+
[    9.271377] cloud-init[970]: ci-info: |   0   |   0.0.0.0   | 10.0.2.2 |    0.0.0.0    |   enp0s3  |   UG  |
[    9.273237] cloud-init[970]: ci-info: |   1   |   10.0.2.0  | 0.0.0.0  | 255.255.255.0 |   enp0s3  |   U   |
[    9.280433]          Starting iSCSI initiator daemon (iscsid)...
cloud-init[[970]: [0;32m  OK  [0mci-info: +-------+-------------+----------+---------------+-----------+-------+] 
Reached target Cloud-config availability.
[    9.288594] [[0;32m  OK  [0m] Listening on LXD - unix socket.
[[0;32m  OK  [0m] Listening on Socket activation for snappy daemon.
cloud-init[970]: ci-info: +++++++++++++++++++Route IPv6 info+++++++++++++++++++
[    9.292174] cloud-init[970]: ci-info: +-------+-------------+---------+-----------+-------+
[    9.293583] [[0;32m  OK  [0m] Started iSCSI initiator daemon (iscsid).
cloud-init[970]: ci-info: | Route | Destination | Gateway | Interface | Flags |
[    9.296160]          cloud-initStarting Login to default iSCSI targets...[970]: 
ci-info: +-------+-------------+---------+-----------+-------+
[    9.297685] cloud-init[970]: ci-info: |   0   |  fe80::/64  |    ::   |   enp0s3  |   U   |
[[0;32m  OK  [0m] Reached target Sockets.
[[0;32m  OK  [0m] Reached target Basic System.
[    9.298547] cloud-init[970]: ci-info: |   3   |   ff00::/8  |    ::   |   enp0s3  |   U   |
[    9.312391] [[0;32m  OK  [0m] Started D-Bus System Message Bus.
cloud-init[970]: ci-info: +-------+-------------+---------+-----------+-------+
[    9.314444] cloud-init[970]: Generating public/private rsa key pair.
[    9.315927] cloud-init[970]: Your identification has been saved in /etc/ssh/ssh_host_rsa_key.
[    9.317785] cloud-init[970]: Your public key has been saved in /etc/ssh/ssh_host_rsa_key.pub.
[    9.319543] [[0;32m  OK  [0m] Started Regular background program processing daemon.
cloud-init[970]: The key fingerprint is:         Starting Pollinate to seed the pseudo random number generator...
         Starting LSB: Record successful boot for GRUB...
[[0;32m  OK  [0m] Started FUSE filesystem for LXC.

[    9.324325] [[0;32m  OK  [0m] Started ACPI event daemon.
         Starting Login Service...
cloud-init[970]: SHA256:mhb8/QSvUPEKlT3Hsc91CKYIdkFyfeEPO1rPAKKOwpk root@ubuntu-xenial
[    9.327568]          cloud-initStarting Virtualbox guest utils...[970]: 
The key's randomart image is:
[    9.328975] [cloud-init[0;32m  OK  [0m[970]: ] +---[RSA 2048]----+Started Deferred execution scheduler.

[    9.329247] cloud-init[970]: |      +.=o  +..  |
[    9.332292]          cloud-initStarting System Logging Service...[970]: 
|     . = ..*.o + |
[    9.333597] cloud-init[970]: |        o *.= = o|
[    9.334802]          cloud-initStarting LSB: MD monitoring daemon...[970]: 
|     . . o + * oo|
[    9.335776]          cloud-initStarting Snappy daemon...[970]: 
|      + S o * . o|
[    9.336911]          cloud-initStarting Accounts Service...[970]: 
| . o o = + * =   |
[    9.338113]          cloud-initStarting /etc/rc.local Compatibility...[970]: 
|  E . = o + o o  |
         Starting LXD - container startup/shutdown...
[    9.339858] cloud-init[970]: |   . .   . +     |
[[0;32m  OK  [0m] Started /etc/rc.local Compatibility.
[[0;32m  OK  [0m] Started System Logging Service.
[    9.342001] cloud-init[970]: |          . .    |
[    9.353830] cloud-init[970]: +----[SHA256]-----+
[    9.354923] cloud-init[970]: Generating public/private dsa key pair.
[    9.357950] cloud-init[970]: Your identification has been saved in /etc/ssh/ssh_host_dsa_key.
[    9.374401] [[0;32m  OK  [0m] Started Login to default iSCSI targets.
cloud-init[970]: Your public key has been saved in /etc/ssh/ssh_host_dsa_key.pub.
[    9.385860] cloud-init[970]: The key fingerprint is:
[    9.390968] cloud-init[970]: SHA256:TKERr/HsggML58ZV4b12jtIUk2tXbqNhdsrCDkemsdI root@ubuntu-xenial
[    9.400185] cloud-init[970]: The key's randomart image is:
[    9.402361] cloud-init[970]: +---[DSA 1024]----+
[    9.405630] cloud-init[970]: |      +..        |
[    9.407277] cloud-init[970]: |     . * o       |
[    9.408749] [[0;32m  OK  [0m] Started LSB: Record successful boot for GRUB.
[[0;32m  OK  [0m] Started LSB: MD monitoring daemon.cloud-init
[970]: |      = B   .    |
[    9.412320] cloud-init[970]: |     . B = o     |
[    9.413715] [cloud-init[0;32m  OK  [0m[970]: ] |. o . o S * =    |Started Login Service.

[    9.414022] cloud-init[970]: | = + o & O * .   |
[    9.424182] cloud-init[970]: |  = + E B =      |
[    9.425507] cloud-init[970]: | .   o * .       |
[    9.426703] cloud-init[970]: |        .        |
[    9.429746] cloud-init[970]: +----[SHA256]-----+
[    9.431194] cloud-init[970]: Generating public/private ecdsa key pair.
[    9.434101] cloud-init[970]: Your identification has been saved in /etc/ssh/ssh_host_ecdsa_key.
[    9.436357] cloud-init[970]: Your public key has been saved in /etc/ssh/ssh_host_ecdsa_key.pub.[
[0;32m  OK  [0m] Started Unattended Upgrades Shutdown.
[    9.436651] cloud-init[970]: The key fingerprint is:
[    9.454572]          cloud-initStarting Authenticate and Authorize Users to Run Privileged Tasks...[970]: 
SHA256:LXXVr71zZjdYB37/iSzRVXvAahcF+yPhRG+rlDALUTY root@ubuntu-xenial
[    9.464452] [[0;32m  OK  [0m] Reached target Remote File Systems (Pre).
cloud-init[970]: The key's randomart image is:
[    9.466033] [[0;32m  OK  [0m] Reached target Remote File Systems.
cloud-init[970]: +---[ECDSA 256]---+
[    9.472479]          Starting LSB: daemon to balance interrupts for SMP systems...
         Starting Permit User Sessions...
         Starting LSB: Set the CPU Frequency Scaling governor to "ondemand"...
         Starting LSB: automatic crash report generation...
cloud-init[[0;32m  OK  [0m] Started Virtualbox guest utils.
[[0;32m  OK  [0m] Started LXD - container startup/shutdown.
[[0;32m  OK  [0m] Started Permit User Sessions.
[[0;32m  OK  [0m] Started Authenticate and Authorize Users to Run Privileged Tasks.
[[0;32m  OK  [0m] Started Accounts Service.
[970]: |         ..E oo+.|
[    9.483644] cloud-init[970]: |          o o.=.o|
[    9.485233] cloud-init[970]: |         ..o.+.=+|
[    9.486508] cloud-init[970]: |         o..O *++|
[    9.487842] cloud-init[970]: |        S .o.B.*o|
[    9.489113] cloud-init[970]: |         . ...=.=|
[    9.490745] cloud-init[970]: |            ..o.+|
[    9.492546] cloud-init[970]: |           ....+B|
[    9.494944] cloud-init[970]: |            .o +B|
[    9.495937] cloud-init[970]: +----[SHA256]-----+
[    9.508174] cloud-init[970]: Generating public/private ed25519 key pair.
[    9.510250] cloud-init[970]: Your identification has been saved in /etc/ssh/ssh_host_ed25519_key.
[    9.512075] cloud-init[970]: Your public key has been saved in /etc/ssh/ssh_host_ed25519_key.pub.
[    9.513601] cloud-init[970]: The key fingerprint is:
[    9.514439] cloud-init[970]: SHA256:yoCAHB/P0oaOQPngBeULH4j7w1IQ3exaI/8fv3nzGEI root@ubuntu-xenial
[    9.516154]          cloud-initStarting Hold until boot process finishes up...[970]: 
The key's randomart image is:
[    9.518157]          cloud-initStarting Terminate Plymouth Boot Screen...[970]: 
+--[ED25519 256]--+
[    9.521404] [cloud-init[0;32m  OK  [0m[970]: ] |.=+=             |Started LSB: daemon to balance interrupts for SMP systems.

[[    9.521647] [0;32m  OK  [0mcloud-init] [970]: Started LSB: Set the CPU Frequency Scaling governor to "ondemand".|=+*.O            |

[    9.524660] [cloud-init[0;32m  OK  [0m[970]: ] |B++B =           |Started LSB: automatic crash report generation.

[    9.524866] cloud-init[970]: |.=*oO            |
[    9.532268] cloud-init[970]: |..oO..  S E      |
[[0;32m  OK  [0m] Started Hold until boot process finishes up.
[    9.532506] cloud-init[970]: | +. .o . .       |
[    9.540352] cloud-init[970]: [|. +  .o . . .    |[0;32m  OK  [0m
] Started Terminate Plymouth Boot Screen.
[    9.540589] cloud-init[970]: | . .  .  o ooo   |
[[    9.561157] [0;32m  OK  [0mcloud-init] [970]: Started Getty on tty1.|       .. +o.o.  |

[    9.562363] cloud-init[970]: +----[SHA256]-----+
[[0;32m  OK  [0m] Started Serial Getty on ttyS0.
[[0;32m  OK  [0m] Reached target Login Prompts.
         Starting Set console scheme...
[[0;32m  OK  [0m] Started Set console scheme.
[[0;32m  OK  [0m] Started Snappy daemon.
         Starting Wait until snapd is fully seeded...
[[0;32m  OK  [0m] Started Pollinate to seed the pseudo random number generator.
         Starting OpenBSD Secure Shell server...
[[0;32m  OK  [0m] Started OpenBSD Secure Shell server.
[[0;32m  OK  [0m] Created slice User Slice of vagrant.
         Starting User Manager for UID 1000...
[[0;32m  OK  [0m] Started Session 1 of user vagrant.
[[0;32m  OK  [0m] Started User Manager for UID 1000.
[[0;32m  OK  [0m] Started Session 2 of user vagrant.
[   14.973802] cloud-init[1592]: Generating locales (this might take a while)...
[   15.534099] cloud-init[1592]:   en_US.UTF-8... done
[   15.534729] cloud-init[1592]: Generation complete.

Ubuntu 16.04.6 LTS ubuntu-xenial ttyS0

ubuntu-xenial login: [   15.719447] cloud-init[1592]: Cloud-init v. 19.2-36-g059d049c-0ubuntu2~16.04.1 running 'modules:config' at Sun, 08 Dec 2019 12:54:45 +0000. Up 14.90 seconds.
ci-info: no authorized ssh keys fingerprints found for user ubuntu.
<14>Dec  8 12:54:46 ec2: 
<14>Dec  8 12:54:46 ec2: #############################################################
<14>Dec  8 12:54:46 ec2: -----BEGIN SSH HOST KEY FINGERPRINTS-----
<14>Dec  8 12:54:46 ec2: 1024 SHA256:TKERr/HsggML58ZV4b12jtIUk2tXbqNhdsrCDkemsdI root@ubuntu-xenial (DSA)
<14>Dec  8 12:54:46 ec2: 256 SHA256:LXXVr71zZjdYB37/iSzRVXvAahcF+yPhRG+rlDALUTY root@ubuntu-xenial (ECDSA)
<14>Dec  8 12:54:46 ec2: 256 SHA256:yoCAHB/P0oaOQPngBeULH4j7w1IQ3exaI/8fv3nzGEI root@ubuntu-xenial (ED25519)
<14>Dec  8 12:54:46 ec2: 2048 SHA256:mhb8/QSvUPEKlT3Hsc91CKYIdkFyfeEPO1rPAKKOwpk root@ubuntu-xenial (RSA)
<14>Dec  8 12:54:46 ec2: -----END SSH HOST KEY FINGERPRINTS-----
<14>Dec  8 12:54:46 ec2: #############################################################
-----BEGIN SSH HOST KEY KEYS-----
ecdsa-sha2-nistp256 AAAAE2VjZHNhLXNoYTItbmlzdHAyNTYAAAAIbmlzdHAyNTYAAABBBOQLFkEIT1O8rMpCyozirvzhUdCqhS3Ci4urcE68m8PczXCH0J56Fy53IZ8ZbaSCNzhUWmmBUMqaxmCQh9Jf0sM= root@ubuntu-xenial
ssh-ed25519 AAAAC3NzaC1lZDI1NTE5AAAAIANnOo1D2WLJVSVRXaY8wu/udZewX76IxKu1k5SnmTTj root@ubuntu-xenial
ssh-rsa AAAAB3NzaC1yc2EAAAADAQABAAABAQDAsPhGBaABL2aduDkIJPzbyu9TrI79KlLezXku9/951Q/Jp1z9A4gyu7uPbvioS5mrSJzrFB8sjstzfve3fFXBnr6Fdd0qA/UbWszMI6sWJZoBbN4GjWpIZRMsiMISt100SWxJIiCYv/Bib5TeG6dOiTRXFD5ozePdB9dZh8Q2Qw/4ir+VomT7boVR3zCyB+RDv7YT0mtQf7nCjakS19N1fkYP9C/iQnnlHMWVQI+zcnY0bqr/2EeoZnmocYOLR5K+hTDdJGau4WwW1MIsPtITgk4Zj6gg8Tg6HQ6erMQhdJ/Cs70r4SP23RptRGaW90FlCdD6GzOEWtgfOxIIWsq5 root@ubuntu-xenial
-----END SSH HOST KEY KEYS-----
[   16.046258] cloud-init[1687]: Cloud-init v. 19.2-36-g059d049c-0ubuntu2~16.04.1 running 'modules:final' at Sun, 08 Dec 2019 12:54:46 +0000. Up 15.94 seconds.
[   16.046412] cloud-init[1687]: ci-info: no authorized ssh keys fingerprints found for user ubuntu.
[   16.047277] cloud-init[1687]: Cloud-init v. 19.2-36-g059d049c-0ubuntu2~16.04.1 finished at Sun, 08 Dec 2019 12:54:46 +0000. Datasource DataSourceNoCloud [seed=/dev/sdb][dsmode=net].  Up 16.04 seconds
